{"/Users/huangdeyu/Documents/coderhdy/speckit-server/routes/auth.js": {"path":"/Users/huangdeyu/Documents/coderhdy/speckit-server/routes/auth.js","statementMap":{"0":{"start":{"line":1,"column":16},"end":{"line":1,"column":34}},"1":{"start":{"line":2,"column":41},"end":{"line":2,"column":75}},"2":{"start":{"line":3,"column":25},"end":{"line":3,"column":57}},"3":{"start":{"line":4,"column":71},"end":{"line":4,"column":100}},"4":{"start":{"line":5,"column":40},"end":{"line":5,"column":71}},"5":{"start":{"line":7,"column":15},"end":{"line":7,"column":31}},"6":{"start":{"line":20,"column":0},"end":{"line":95,"column":3}},"7":{"start":{"line":21,"column":2},"end":{"line":94,"column":3}},"8":{"start":{"line":22,"column":35},"end":{"line":22,"column":43}},"9":{"start":{"line":25,"column":4},"end":{"line":31,"column":5}},"10":{"start":{"line":26,"column":6},"end":{"line":30,"column":9}},"11":{"start":{"line":34,"column":4},"end":{"line":40,"column":5}},"12":{"start":{"line":35,"column":6},"end":{"line":39,"column":9}},"13":{"start":{"line":43,"column":4},"end":{"line":49,"column":5}},"14":{"start":{"line":44,"column":6},"end":{"line":48,"column":9}},"15":{"start":{"line":52,"column":25},"end":{"line":52,"column":53}},"16":{"start":{"line":53,"column":4},"end":{"line":59,"column":5}},"17":{"start":{"line":54,"column":6},"end":{"line":58,"column":9}},"18":{"start":{"line":62,"column":25},"end":{"line":62,"column":53}},"19":{"start":{"line":65,"column":19},"end":{"line":65,"column":33}},"20":{"start":{"line":68,"column":20},"end":{"line":73,"column":5}},"21":{"start":{"line":76,"column":4},"end":{"line":76,"column":21}},"22":{"start":{"line":79,"column":4},"end":{"line":86,"column":7}},"23":{"start":{"line":88,"column":4},"end":{"line":88,"column":34}},"24":{"start":{"line":89,"column":4},"end":{"line":93,"column":7}},"25":{"start":{"line":108,"column":0},"end":{"line":164,"column":3}},"26":{"start":{"line":109,"column":2},"end":{"line":163,"column":3}},"27":{"start":{"line":110,"column":35},"end":{"line":110,"column":43}},"28":{"start":{"line":113,"column":4},"end":{"line":119,"column":5}},"29":{"start":{"line":114,"column":6},"end":{"line":118,"column":9}},"30":{"start":{"line":122,"column":17},"end":{"line":122,"column":45}},"31":{"start":{"line":123,"column":4},"end":{"line":129,"column":5}},"32":{"start":{"line":124,"column":6},"end":{"line":128,"column":9}},"33":{"start":{"line":132,"column":28},"end":{"line":132,"column":77}},"34":{"start":{"line":133,"column":4},"end":{"line":139,"column":5}},"35":{"start":{"line":134,"column":6},"end":{"line":138,"column":9}},"36":{"start":{"line":142,"column":4},"end":{"line":145,"column":6}},"37":{"start":{"line":148,"column":4},"end":{"line":155,"column":7}},"38":{"start":{"line":157,"column":4},"end":{"line":157,"column":34}},"39":{"start":{"line":158,"column":4},"end":{"line":162,"column":7}},"40":{"start":{"line":166,"column":0},"end":{"line":166,"column":24}}},"fnMap":{"0":{"name":"(anonymous_0)","decl":{"start":{"line":20,"column":25},"end":{"line":20,"column":26}},"loc":{"start":{"line":20,"column":45},"end":{"line":95,"column":1}},"line":20},"1":{"name":"(anonymous_1)","decl":{"start":{"line":108,"column":22},"end":{"line":108,"column":23}},"loc":{"start":{"line":108,"column":42},"end":{"line":164,"column":1}},"line":108}},"branchMap":{"0":{"loc":{"start":{"line":25,"column":4},"end":{"line":31,"column":5}},"type":"if","locations":[{"start":{"line":25,"column":4},"end":{"line":31,"column":5}},{"start":{},"end":{}}],"line":25},"1":{"loc":{"start":{"line":34,"column":4},"end":{"line":40,"column":5}},"type":"if","locations":[{"start":{"line":34,"column":4},"end":{"line":40,"column":5}},{"start":{},"end":{}}],"line":34},"2":{"loc":{"start":{"line":43,"column":4},"end":{"line":49,"column":5}},"type":"if","locations":[{"start":{"line":43,"column":4},"end":{"line":49,"column":5}},{"start":{},"end":{}}],"line":43},"3":{"loc":{"start":{"line":53,"column":4},"end":{"line":59,"column":5}},"type":"if","locations":[{"start":{"line":53,"column":4},"end":{"line":59,"column":5}},{"start":{},"end":{}}],"line":53},"4":{"loc":{"start":{"line":113,"column":4},"end":{"line":119,"column":5}},"type":"if","locations":[{"start":{"line":113,"column":4},"end":{"line":119,"column":5}},{"start":{},"end":{}}],"line":113},"5":{"loc":{"start":{"line":123,"column":4},"end":{"line":129,"column":5}},"type":"if","locations":[{"start":{"line":123,"column":4},"end":{"line":129,"column":5}},{"start":{},"end":{}}],"line":123},"6":{"loc":{"start":{"line":133,"column":4},"end":{"line":139,"column":5}},"type":"if","locations":[{"start":{"line":133,"column":4},"end":{"line":139,"column":5}},{"start":{},"end":{}}],"line":133}},"s":{"0":1,"1":1,"2":1,"3":1,"4":1,"5":1,"6":1,"7":11,"8":11,"9":11,"10":1,"11":10,"12":1,"13":9,"14":1,"15":8,"16":8,"17":1,"18":7,"19":7,"20":7,"21":7,"22":7,"23":0,"24":0,"25":1,"26":5,"27":5,"28":5,"29":1,"30":4,"31":4,"32":1,"33":3,"34":3,"35":1,"36":2,"37":2,"38":0,"39":0,"40":1},"f":{"0":11,"1":5},"b":{"0":[1,10],"1":[1,9],"2":[1,8],"3":[1,7],"4":[1,4],"5":[1,3],"6":[1,2]},"_coverageSchema":"1a1c01bbd47fc00a2c39e90264f33305004495a9","hash":"e02512dc386fd86384d8971f1ab33cc9f7ae5df6"}
,"/Users/huangdeyu/Documents/coderhdy/speckit-server/utils/cryptoHelper.js": {"path":"/Users/huangdeyu/Documents/coderhdy/speckit-server/utils/cryptoHelper.js","statementMap":{"0":{"start":{"line":1,"column":15},"end":{"line":1,"column":32}},"1":{"start":{"line":13,"column":2},"end":{"line":13,"column":29}},"2":{"start":{"line":16,"column":0},"end":{"line":18,"column":2}}},"fnMap":{"0":{"name":"generateUUID","decl":{"start":{"line":12,"column":9},"end":{"line":12,"column":21}},"loc":{"start":{"line":12,"column":24},"end":{"line":14,"column":1}},"line":12}},"branchMap":{},"s":{"0":2,"1":110,"2":2},"f":{"0":110},"b":{},"_coverageSchema":"1a1c01bbd47fc00a2c39e90264f33305004495a9","hash":"5403e89d9f379ab9c47fc174e6f8f2facaec03e8"}
,"/Users/huangdeyu/Documents/coderhdy/speckit-server/utils/passwordHelper.js": {"path":"/Users/huangdeyu/Documents/coderhdy/speckit-server/utils/passwordHelper.js","statementMap":{"0":{"start":{"line":1,"column":15},"end":{"line":1,"column":34}},"1":{"start":{"line":15,"column":2},"end":{"line":15,"column":54}},"2":{"start":{"line":25,"column":2},"end":{"line":25,"column":61}},"3":{"start":{"line":28,"column":0},"end":{"line":31,"column":2}}},"fnMap":{"0":{"name":"hashPassword","decl":{"start":{"line":14,"column":15},"end":{"line":14,"column":27}},"loc":{"start":{"line":14,"column":60},"end":{"line":16,"column":1}},"line":14},"1":{"name":"verifyPassword","decl":{"start":{"line":24,"column":15},"end":{"line":24,"column":29}},"loc":{"start":{"line":24,"column":61},"end":{"line":26,"column":1}},"line":24}},"branchMap":{"0":{"loc":{"start":{"line":14,"column":43},"end":{"line":14,"column":58}},"type":"default-arg","locations":[{"start":{"line":14,"column":56},"end":{"line":14,"column":58}}],"line":14}},"s":{"0":2,"1":15,"2":7,"3":2},"f":{"0":15,"1":7},"b":{"0":[14]},"_coverageSchema":"1a1c01bbd47fc00a2c39e90264f33305004495a9","hash":"1509ddfc3fa8f1bb751f2c62aa892a70a4eab3bc"}
,"/Users/huangdeyu/Documents/coderhdy/speckit-server/utils/userAgentParser.js": {"path":"/Users/huangdeyu/Documents/coderhdy/speckit-server/utils/userAgentParser.js","statementMap":{"0":{"start":{"line":12,"column":2},"end":{"line":12,"column":30}},"1":{"start":{"line":12,"column":18},"end":{"line":12,"column":30}},"2":{"start":{"line":14,"column":2},"end":{"line":14,"column":82}},"3":{"start":{"line":14,"column":66},"end":{"line":14,"column":82}},"4":{"start":{"line":15,"column":2},"end":{"line":15,"column":85}},"5":{"start":{"line":15,"column":69},"end":{"line":15,"column":85}},"6":{"start":{"line":16,"column":2},"end":{"line":16,"column":54}},"7":{"start":{"line":16,"column":37},"end":{"line":16,"column":54}},"8":{"start":{"line":17,"column":2},"end":{"line":17,"column":47}},"9":{"start":{"line":17,"column":33},"end":{"line":17,"column":47}},"10":{"start":{"line":18,"column":2},"end":{"line":18,"column":94}},"11":{"start":{"line":18,"column":67},"end":{"line":18,"column":94}},"12":{"start":{"line":19,"column":2},"end":{"line":19,"column":79}},"13":{"start":{"line":19,"column":64},"end":{"line":19,"column":79}},"14":{"start":{"line":21,"column":2},"end":{"line":21,"column":14}},"15":{"start":{"line":30,"column":2},"end":{"line":30,"column":30}},"16":{"start":{"line":30,"column":18},"end":{"line":30,"column":30}},"17":{"start":{"line":33,"column":2},"end":{"line":33,"column":54}},"18":{"start":{"line":33,"column":37},"end":{"line":33,"column":54}},"19":{"start":{"line":35,"column":2},"end":{"line":35,"column":108}},"20":{"start":{"line":35,"column":95},"end":{"line":35,"column":108}},"21":{"start":{"line":37,"column":2},"end":{"line":37,"column":50}},"22":{"start":{"line":37,"column":33},"end":{"line":37,"column":50}},"23":{"start":{"line":38,"column":2},"end":{"line":38,"column":48}},"24":{"start":{"line":38,"column":33},"end":{"line":38,"column":48}},"25":{"start":{"line":39,"column":2},"end":{"line":39,"column":50}},"26":{"start":{"line":39,"column":35},"end":{"line":39,"column":50}},"27":{"start":{"line":41,"column":2},"end":{"line":41,"column":14}},"28":{"start":{"line":44,"column":0},"end":{"line":47,"column":2}}},"fnMap":{"0":{"name":"getBrowserInfo","decl":{"start":{"line":11,"column":9},"end":{"line":11,"column":23}},"loc":{"start":{"line":11,"column":35},"end":{"line":22,"column":1}},"line":11},"1":{"name":"getOSInfo","decl":{"start":{"line":29,"column":9},"end":{"line":29,"column":18}},"loc":{"start":{"line":29,"column":30},"end":{"line":42,"column":1}},"line":29}},"branchMap":{"0":{"loc":{"start":{"line":12,"column":2},"end":{"line":12,"column":30}},"type":"if","locations":[{"start":{"line":12,"column":2},"end":{"line":12,"column":30}},{"start":{},"end":{}}],"line":12},"1":{"loc":{"start":{"line":14,"column":2},"end":{"line":14,"column":82}},"type":"if","locations":[{"start":{"line":14,"column":2},"end":{"line":14,"column":82}},{"start":{},"end":{}}],"line":14},"2":{"loc":{"start":{"line":14,"column":6},"end":{"line":14,"column":64}},"type":"binary-expr","locations":[{"start":{"line":14,"column":6},"end":{"line":14,"column":34}},{"start":{"line":14,"column":38},"end":{"line":14,"column":64}}],"line":14},"3":{"loc":{"start":{"line":15,"column":2},"end":{"line":15,"column":85}},"type":"if","locations":[{"start":{"line":15,"column":2},"end":{"line":15,"column":85}},{"start":{},"end":{}}],"line":15},"4":{"loc":{"start":{"line":15,"column":6},"end":{"line":15,"column":67}},"type":"binary-expr","locations":[{"start":{"line":15,"column":6},"end":{"line":15,"column":34}},{"start":{"line":15,"column":38},"end":{"line":15,"column":67}}],"line":15},"5":{"loc":{"start":{"line":16,"column":2},"end":{"line":16,"column":54}},"type":"if","locations":[{"start":{"line":16,"column":2},"end":{"line":16,"column":54}},{"start":{},"end":{}}],"line":16},"6":{"loc":{"start":{"line":17,"column":2},"end":{"line":17,"column":47}},"type":"if","locations":[{"start":{"line":17,"column":2},"end":{"line":17,"column":47}},{"start":{},"end":{}}],"line":17},"7":{"loc":{"start":{"line":18,"column":2},"end":{"line":18,"column":94}},"type":"if","locations":[{"start":{"line":18,"column":2},"end":{"line":18,"column":94}},{"start":{},"end":{}}],"line":18},"8":{"loc":{"start":{"line":18,"column":6},"end":{"line":18,"column":65}},"type":"binary-expr","locations":[{"start":{"line":18,"column":6},"end":{"line":18,"column":32}},{"start":{"line":18,"column":36},"end":{"line":18,"column":65}}],"line":18},"9":{"loc":{"start":{"line":19,"column":2},"end":{"line":19,"column":79}},"type":"if","locations":[{"start":{"line":19,"column":2},"end":{"line":19,"column":79}},{"start":{},"end":{}}],"line":19},"10":{"loc":{"start":{"line":19,"column":6},"end":{"line":19,"column":62}},"type":"binary-expr","locations":[{"start":{"line":19,"column":6},"end":{"line":19,"column":33}},{"start":{"line":19,"column":37},"end":{"line":19,"column":62}}],"line":19},"11":{"loc":{"start":{"line":30,"column":2},"end":{"line":30,"column":30}},"type":"if","locations":[{"start":{"line":30,"column":2},"end":{"line":30,"column":30}},{"start":{},"end":{}}],"line":30},"12":{"loc":{"start":{"line":33,"column":2},"end":{"line":33,"column":54}},"type":"if","locations":[{"start":{"line":33,"column":2},"end":{"line":33,"column":54}},{"start":{},"end":{}}],"line":33},"13":{"loc":{"start":{"line":35,"column":2},"end":{"line":35,"column":108}},"type":"if","locations":[{"start":{"line":35,"column":2},"end":{"line":35,"column":108}},{"start":{},"end":{}}],"line":35},"14":{"loc":{"start":{"line":35,"column":6},"end":{"line":35,"column":93}},"type":"binary-expr","locations":[{"start":{"line":35,"column":6},"end":{"line":35,"column":31}},{"start":{"line":35,"column":35},"end":{"line":35,"column":63}},{"start":{"line":35,"column":67},"end":{"line":35,"column":93}}],"line":35},"15":{"loc":{"start":{"line":37,"column":2},"end":{"line":37,"column":50}},"type":"if","locations":[{"start":{"line":37,"column":2},"end":{"line":37,"column":50}},{"start":{},"end":{}}],"line":37},"16":{"loc":{"start":{"line":38,"column":2},"end":{"line":38,"column":48}},"type":"if","locations":[{"start":{"line":38,"column":2},"end":{"line":38,"column":48}},{"start":{},"end":{}}],"line":38},"17":{"loc":{"start":{"line":39,"column":2},"end":{"line":39,"column":50}},"type":"if","locations":[{"start":{"line":39,"column":2},"end":{"line":39,"column":50}},{"start":{},"end":{}}],"line":39}},"s":{"0":15,"1":6,"2":9,"3":3,"4":6,"5":2,"6":4,"7":1,"8":3,"9":1,"10":2,"11":0,"12":2,"13":0,"14":2,"15":17,"16":6,"17":11,"18":1,"19":10,"20":2,"21":8,"22":3,"23":5,"24":2,"25":3,"26":1,"27":2,"28":2},"f":{"0":15,"1":17},"b":{"0":[6,9],"1":[3,6],"2":[9,4],"3":[2,4],"4":[6,3],"5":[1,3],"6":[1,2],"7":[0,2],"8":[2,2],"9":[0,2],"10":[2,2],"11":[6,11],"12":[1,10],"13":[2,8],"14":[10,10,9],"15":[3,5],"16":[2,3],"17":[1,2]},"_coverageSchema":"1a1c01bbd47fc00a2c39e90264f33305004495a9","hash":"c0bb068417a718b775adc2387b04ad62d9b92300"}
,"/Users/huangdeyu/Documents/coderhdy/speckit-server/utils/userStorage.js": {"path":"/Users/huangdeyu/Documents/coderhdy/speckit-server/utils/userStorage.js","statementMap":{"0":{"start":{"line":1,"column":11},"end":{"line":1,"column":24}},"1":{"start":{"line":2,"column":13},"end":{"line":2,"column":28}},"2":{"start":{"line":4,"column":19},"end":{"line":4,"column":61}},"3":{"start":{"line":10,"column":2},"end":{"line":13,"column":3}},"4":{"start":{"line":11,"column":24},"end":{"line":11,"column":37}},"5":{"start":{"line":12,"column":4},"end":{"line":12,"column":79}},"6":{"start":{"line":21,"column":2},"end":{"line":21,"column":18}},"7":{"start":{"line":22,"column":15},"end":{"line":22,"column":50}},"8":{"start":{"line":23,"column":17},"end":{"line":23,"column":33}},"9":{"start":{"line":24,"column":2},"end":{"line":24,"column":28}},"10":{"start":{"line":32,"column":15},"end":{"line":32,"column":24}},"11":{"start":{"line":33,"column":2},"end":{"line":33,"column":70}},"12":{"start":{"line":42,"column":16},"end":{"line":42,"column":27}},"13":{"start":{"line":43,"column":2},"end":{"line":43,"column":64}},"14":{"start":{"line":43,"column":28},"end":{"line":43,"column":54}},"15":{"start":{"line":52,"column":16},"end":{"line":52,"column":27}},"16":{"start":{"line":53,"column":2},"end":{"line":53,"column":19}},"17":{"start":{"line":54,"column":2},"end":{"line":54,"column":19}},"18":{"start":{"line":55,"column":2},"end":{"line":55,"column":14}},"19":{"start":{"line":58,"column":0},"end":{"line":64,"column":2}}},"fnMap":{"0":{"name":"initUsersFile","decl":{"start":{"line":9,"column":9},"end":{"line":9,"column":22}},"loc":{"start":{"line":9,"column":25},"end":{"line":14,"column":1}},"line":9},"1":{"name":"readUsers","decl":{"start":{"line":20,"column":9},"end":{"line":20,"column":18}},"loc":{"start":{"line":20,"column":21},"end":{"line":25,"column":1}},"line":20},"2":{"name":"saveUsers","decl":{"start":{"line":31,"column":9},"end":{"line":31,"column":18}},"loc":{"start":{"line":31,"column":26},"end":{"line":34,"column":1}},"line":31},"3":{"name":"findUserByUsername","decl":{"start":{"line":41,"column":9},"end":{"line":41,"column":27}},"loc":{"start":{"line":41,"column":38},"end":{"line":44,"column":1}},"line":41},"4":{"name":"(anonymous_4)","decl":{"start":{"line":43,"column":20},"end":{"line":43,"column":21}},"loc":{"start":{"line":43,"column":28},"end":{"line":43,"column":54}},"line":43},"5":{"name":"addUser","decl":{"start":{"line":51,"column":9},"end":{"line":51,"column":16}},"loc":{"start":{"line":51,"column":23},"end":{"line":56,"column":1}},"line":51}},"branchMap":{"0":{"loc":{"start":{"line":10,"column":2},"end":{"line":13,"column":3}},"type":"if","locations":[{"start":{"line":10,"column":2},"end":{"line":13,"column":3}},{"start":{},"end":{}}],"line":10},"1":{"loc":{"start":{"line":24,"column":9},"end":{"line":24,"column":27}},"type":"binary-expr","locations":[{"start":{"line":24,"column":9},"end":{"line":24,"column":21}},{"start":{"line":24,"column":25},"end":{"line":24,"column":27}}],"line":24},"2":{"loc":{"start":{"line":43,"column":9},"end":{"line":43,"column":63}},"type":"binary-expr","locations":[{"start":{"line":43,"column":9},"end":{"line":43,"column":55}},{"start":{"line":43,"column":59},"end":{"line":43,"column":63}}],"line":43}},"s":{"0":1,"1":1,"2":1,"3":19,"4":0,"5":0,"6":19,"7":19,"8":19,"9":19,"10":7,"11":7,"12":12,"13":12,"14":5,"15":7,"16":7,"17":7,"18":7,"19":1},"f":{"0":19,"1":19,"2":7,"3":12,"4":5,"5":7},"b":{"0":[0,19],"1":[19,0],"2":[12,8]},"_coverageSchema":"1a1c01bbd47fc00a2c39e90264f33305004495a9","hash":"425217d9d9da83d04fab5e26be9650752d85d159"}
,"/Users/huangdeyu/Documents/coderhdy/speckit-server/utils/validator.js": {"path":"/Users/huangdeyu/Documents/coderhdy/speckit-server/utils/validator.js","statementMap":{"0":{"start":{"line":13,"column":2},"end":{"line":15,"column":3}},"1":{"start":{"line":14,"column":4},"end":{"line":14,"column":17}},"2":{"start":{"line":16,"column":24},"end":{"line":16,"column":46}},"3":{"start":{"line":17,"column":2},"end":{"line":17,"column":38}},"4":{"start":{"line":27,"column":2},"end":{"line":29,"column":3}},"5":{"start":{"line":28,"column":4},"end":{"line":28,"column":17}},"6":{"start":{"line":30,"column":2},"end":{"line":30,"column":55}},"7":{"start":{"line":40,"column":2},"end":{"line":40,"column":86}},"8":{"start":{"line":40,"column":39},"end":{"line":40,"column":84}},"9":{"start":{"line":43,"column":0},"end":{"line":47,"column":2}}},"fnMap":{"0":{"name":"validateUsername","decl":{"start":{"line":12,"column":9},"end":{"line":12,"column":25}},"loc":{"start":{"line":12,"column":36},"end":{"line":18,"column":1}},"line":12},"1":{"name":"validatePassword","decl":{"start":{"line":26,"column":9},"end":{"line":26,"column":25}},"loc":{"start":{"line":26,"column":36},"end":{"line":31,"column":1}},"line":26},"2":{"name":"validateRequiredFields","decl":{"start":{"line":39,"column":9},"end":{"line":39,"column":31}},"loc":{"start":{"line":39,"column":56},"end":{"line":41,"column":1}},"line":39},"3":{"name":"(anonymous_3)","decl":{"start":{"line":40,"column":30},"end":{"line":40,"column":31}},"loc":{"start":{"line":40,"column":39},"end":{"line":40,"column":84}},"line":40}},"branchMap":{"0":{"loc":{"start":{"line":13,"column":2},"end":{"line":15,"column":3}},"type":"if","locations":[{"start":{"line":13,"column":2},"end":{"line":15,"column":3}},{"start":{},"end":{}}],"line":13},"1":{"loc":{"start":{"line":13,"column":6},"end":{"line":13,"column":47}},"type":"binary-expr","locations":[{"start":{"line":13,"column":6},"end":{"line":13,"column":15}},{"start":{"line":13,"column":19},"end":{"line":13,"column":47}}],"line":13},"2":{"loc":{"start":{"line":27,"column":2},"end":{"line":29,"column":3}},"type":"if","locations":[{"start":{"line":27,"column":2},"end":{"line":29,"column":3}},{"start":{},"end":{}}],"line":27},"3":{"loc":{"start":{"line":27,"column":6},"end":{"line":27,"column":47}},"type":"binary-expr","locations":[{"start":{"line":27,"column":6},"end":{"line":27,"column":15}},{"start":{"line":27,"column":19},"end":{"line":27,"column":47}}],"line":27},"4":{"loc":{"start":{"line":30,"column":9},"end":{"line":30,"column":54}},"type":"binary-expr","locations":[{"start":{"line":30,"column":9},"end":{"line":30,"column":29}},{"start":{"line":30,"column":33},"end":{"line":30,"column":54}}],"line":30},"5":{"loc":{"start":{"line":40,"column":39},"end":{"line":40,"column":84}},"type":"binary-expr","locations":[{"start":{"line":40,"column":39},"end":{"line":40,"column":60}},{"start":{"line":40,"column":64},"end":{"line":40,"column":84}}],"line":40}},"s":{"0":28,"1":6,"2":22,"3":22,"4":22,"5":6,"6":16,"7":23,"8":44,"9":2},"f":{"0":28,"1":22,"2":23,"3":44},"b":{"0":[6,22],"1":[28,25],"2":[6,16],"3":[22,19],"4":[16,13],"5":[44,40]},"_coverageSchema":"1a1c01bbd47fc00a2c39e90264f33305004495a9","hash":"d2fa164f9e498aa55788bc12c2c8d309ebd40645"}
}
