{"/Users/huangdeyu/Documents/coderhdy/speckit-server/routes/auth.js": {"path":"/Users/huangdeyu/Documents/coderhdy/speckit-server/routes/auth.js","statementMap":{"0":{"start":{"line":1,"column":16},"end":{"line":1,"column":34}},"1":{"start":{"line":2,"column":41},"end":{"line":2,"column":75}},"2":{"start":{"line":3,"column":25},"end":{"line":3,"column":57}},"3":{"start":{"line":4,"column":71},"end":{"line":4,"column":100}},"4":{"start":{"line":5,"column":21},"end":{"line":5,"column":53}},"5":{"start":{"line":6,"column":15},"end":{"line":6,"column":41}},"6":{"start":{"line":8,"column":15},"end":{"line":8,"column":31}},"7":{"start":{"line":21,"column":0},"end":{"line":96,"column":3}},"8":{"start":{"line":22,"column":2},"end":{"line":95,"column":3}},"9":{"start":{"line":23,"column":35},"end":{"line":23,"column":43}},"10":{"start":{"line":26,"column":4},"end":{"line":32,"column":5}},"11":{"start":{"line":27,"column":6},"end":{"line":31,"column":9}},"12":{"start":{"line":35,"column":4},"end":{"line":41,"column":5}},"13":{"start":{"line":36,"column":6},"end":{"line":40,"column":9}},"14":{"start":{"line":44,"column":4},"end":{"line":50,"column":5}},"15":{"start":{"line":45,"column":6},"end":{"line":49,"column":9}},"16":{"start":{"line":53,"column":25},"end":{"line":53,"column":72}},"17":{"start":{"line":54,"column":4},"end":{"line":60,"column":5}},"18":{"start":{"line":55,"column":6},"end":{"line":59,"column":9}},"19":{"start":{"line":63,"column":25},"end":{"line":63,"column":53}},"20":{"start":{"line":66,"column":19},"end":{"line":66,"column":33}},"21":{"start":{"line":69,"column":20},"end":{"line":74,"column":5}},"22":{"start":{"line":77,"column":4},"end":{"line":77,"column":40}},"23":{"start":{"line":80,"column":4},"end":{"line":87,"column":7}},"24":{"start":{"line":89,"column":4},"end":{"line":89,"column":32}},"25":{"start":{"line":90,"column":4},"end":{"line":94,"column":7}},"26":{"start":{"line":109,"column":0},"end":{"line":165,"column":3}},"27":{"start":{"line":110,"column":2},"end":{"line":164,"column":3}},"28":{"start":{"line":111,"column":35},"end":{"line":111,"column":43}},"29":{"start":{"line":114,"column":4},"end":{"line":120,"column":5}},"30":{"start":{"line":115,"column":6},"end":{"line":119,"column":9}},"31":{"start":{"line":123,"column":17},"end":{"line":123,"column":64}},"32":{"start":{"line":124,"column":4},"end":{"line":130,"column":5}},"33":{"start":{"line":125,"column":6},"end":{"line":129,"column":9}},"34":{"start":{"line":133,"column":28},"end":{"line":133,"column":77}},"35":{"start":{"line":134,"column":4},"end":{"line":140,"column":5}},"36":{"start":{"line":135,"column":6},"end":{"line":139,"column":9}},"37":{"start":{"line":143,"column":4},"end":{"line":146,"column":6}},"38":{"start":{"line":149,"column":4},"end":{"line":156,"column":7}},"39":{"start":{"line":158,"column":4},"end":{"line":158,"column":32}},"40":{"start":{"line":159,"column":4},"end":{"line":163,"column":7}},"41":{"start":{"line":167,"column":0},"end":{"line":167,"column":24}}},"fnMap":{"0":{"name":"(anonymous_0)","decl":{"start":{"line":21,"column":25},"end":{"line":21,"column":26}},"loc":{"start":{"line":21,"column":45},"end":{"line":96,"column":1}},"line":21},"1":{"name":"(anonymous_1)","decl":{"start":{"line":109,"column":22},"end":{"line":109,"column":23}},"loc":{"start":{"line":109,"column":42},"end":{"line":165,"column":1}},"line":109}},"branchMap":{"0":{"loc":{"start":{"line":26,"column":4},"end":{"line":32,"column":5}},"type":"if","locations":[{"start":{"line":26,"column":4},"end":{"line":32,"column":5}},{"start":{},"end":{}}],"line":26},"1":{"loc":{"start":{"line":35,"column":4},"end":{"line":41,"column":5}},"type":"if","locations":[{"start":{"line":35,"column":4},"end":{"line":41,"column":5}},{"start":{},"end":{}}],"line":35},"2":{"loc":{"start":{"line":44,"column":4},"end":{"line":50,"column":5}},"type":"if","locations":[{"start":{"line":44,"column":4},"end":{"line":50,"column":5}},{"start":{},"end":{}}],"line":44},"3":{"loc":{"start":{"line":54,"column":4},"end":{"line":60,"column":5}},"type":"if","locations":[{"start":{"line":54,"column":4},"end":{"line":60,"column":5}},{"start":{},"end":{}}],"line":54},"4":{"loc":{"start":{"line":114,"column":4},"end":{"line":120,"column":5}},"type":"if","locations":[{"start":{"line":114,"column":4},"end":{"line":120,"column":5}},{"start":{},"end":{}}],"line":114},"5":{"loc":{"start":{"line":124,"column":4},"end":{"line":130,"column":5}},"type":"if","locations":[{"start":{"line":124,"column":4},"end":{"line":130,"column":5}},{"start":{},"end":{}}],"line":124},"6":{"loc":{"start":{"line":134,"column":4},"end":{"line":140,"column":5}},"type":"if","locations":[{"start":{"line":134,"column":4},"end":{"line":140,"column":5}},{"start":{},"end":{}}],"line":134}},"s":{"0":1,"1":1,"2":1,"3":1,"4":1,"5":1,"6":1,"7":1,"8":15,"9":15,"10":15,"11":1,"12":14,"13":3,"14":11,"15":2,"16":9,"17":9,"18":1,"19":8,"20":8,"21":8,"22":8,"23":8,"24":0,"25":0,"26":1,"27":7,"28":7,"29":7,"30":1,"31":6,"32":6,"33":2,"34":4,"35":4,"36":2,"37":2,"38":2,"39":0,"40":0,"41":1},"f":{"0":15,"1":7},"b":{"0":[1,14],"1":[3,11],"2":[2,9],"3":[1,8],"4":[1,6],"5":[2,4],"6":[2,2]},"_coverageSchema":"1a1c01bbd47fc00a2c39e90264f33305004495a9","hash":"297ece809497147e8ad228ab638441c1e2c1991f"}
,"/Users/huangdeyu/Documents/coderhdy/speckit-server/utils/cryptoHelper.js": {"path":"/Users/huangdeyu/Documents/coderhdy/speckit-server/utils/cryptoHelper.js","statementMap":{"0":{"start":{"line":1,"column":15},"end":{"line":1,"column":32}},"1":{"start":{"line":13,"column":2},"end":{"line":13,"column":29}},"2":{"start":{"line":16,"column":0},"end":{"line":18,"column":2}}},"fnMap":{"0":{"name":"generateUUID","decl":{"start":{"line":12,"column":9},"end":{"line":12,"column":21}},"loc":{"start":{"line":12,"column":24},"end":{"line":14,"column":1}},"line":12}},"branchMap":{},"s":{"0":2,"1":111,"2":2},"f":{"0":111},"b":{},"_coverageSchema":"1a1c01bbd47fc00a2c39e90264f33305004495a9","hash":"5403e89d9f379ab9c47fc174e6f8f2facaec03e8"}
,"/Users/huangdeyu/Documents/coderhdy/speckit-server/utils/logger.js": {"path":"/Users/huangdeyu/Documents/coderhdy/speckit-server/utils/logger.js","statementMap":{"0":{"start":{"line":12,"column":2},"end":{"line":12,"column":65}},"1":{"start":{"line":20,"column":2},"end":{"line":20,"column":66}},"2":{"start":{"line":29,"column":2},"end":{"line":29,"column":68}},"3":{"start":{"line":30,"column":2},"end":{"line":32,"column":3}},"4":{"start":{"line":31,"column":4},"end":{"line":31,"column":43}},"5":{"start":{"line":40,"column":2},"end":{"line":42,"column":3}},"6":{"start":{"line":41,"column":4},"end":{"line":41,"column":68}},"7":{"start":{"line":45,"column":0},"end":{"line":50,"column":2}}},"fnMap":{"0":{"name":"info","decl":{"start":{"line":11,"column":9},"end":{"line":11,"column":13}},"loc":{"start":{"line":11,"column":23},"end":{"line":13,"column":1}},"line":11},"1":{"name":"warn","decl":{"start":{"line":19,"column":9},"end":{"line":19,"column":13}},"loc":{"start":{"line":19,"column":23},"end":{"line":21,"column":1}},"line":19},"2":{"name":"error","decl":{"start":{"line":28,"column":9},"end":{"line":28,"column":14}},"loc":{"start":{"line":28,"column":31},"end":{"line":33,"column":1}},"line":28},"3":{"name":"debug","decl":{"start":{"line":39,"column":9},"end":{"line":39,"column":14}},"loc":{"start":{"line":39,"column":24},"end":{"line":43,"column":1}},"line":39}},"branchMap":{"0":{"loc":{"start":{"line":30,"column":2},"end":{"line":32,"column":3}},"type":"if","locations":[{"start":{"line":30,"column":2},"end":{"line":32,"column":3}},{"start":{},"end":{}}],"line":30},"1":{"loc":{"start":{"line":30,"column":6},"end":{"line":30,"column":26}},"type":"binary-expr","locations":[{"start":{"line":30,"column":6},"end":{"line":30,"column":11}},{"start":{"line":30,"column":15},"end":{"line":30,"column":26}}],"line":30},"2":{"loc":{"start":{"line":40,"column":2},"end":{"line":42,"column":3}},"type":"if","locations":[{"start":{"line":40,"column":2},"end":{"line":42,"column":3}},{"start":{},"end":{}}],"line":40}},"s":{"0":41,"1":1,"2":1,"3":1,"4":1,"5":2,"6":1,"7":3},"f":{"0":41,"1":1,"2":1,"3":2},"b":{"0":[1,0],"1":[1,1],"2":[1,1]},"_coverageSchema":"1a1c01bbd47fc00a2c39e90264f33305004495a9","hash":"006efa8750d77916c25eac5f4fef92f32cebf4c0"}
,"/Users/huangdeyu/Documents/coderhdy/speckit-server/utils/mongoConnection.js": {"path":"/Users/huangdeyu/Documents/coderhdy/speckit-server/utils/mongoConnection.js","statementMap":{"0":{"start":{"line":6,"column":24},"end":{"line":6,"column":42}},"1":{"start":{"line":17,"column":2},"end":{"line":19,"column":3}},"2":{"start":{"line":18,"column":4},"end":{"line":18,"column":19}},"3":{"start":{"line":21,"column":2},"end":{"line":44,"column":3}},"4":{"start":{"line":22,"column":16},"end":{"line":22,"column":70}},"5":{"start":{"line":23,"column":19},"end":{"line":23,"column":54}},"6":{"start":{"line":26,"column":4},"end":{"line":30,"column":7}},"7":{"start":{"line":33,"column":4},"end":{"line":33,"column":32}},"8":{"start":{"line":34,"column":4},"end":{"line":34,"column":37}},"9":{"start":{"line":37,"column":4},"end":{"line":37,"column":33}},"10":{"start":{"line":39,"column":4},"end":{"line":39,"column":82}},"11":{"start":{"line":40,"column":4},"end":{"line":40,"column":19}},"12":{"start":{"line":42,"column":4},"end":{"line":42,"column":90}},"13":{"start":{"line":43,"column":4},"end":{"line":43,"column":16}},"14":{"start":{"line":52,"column":2},"end":{"line":65,"column":3}},"15":{"start":{"line":53,"column":28},"end":{"line":53,"column":50}},"16":{"start":{"line":56,"column":4},"end":{"line":56,"column":73}},"17":{"start":{"line":58,"column":4},"end":{"line":58,"column":70}},"18":{"start":{"line":60,"column":4},"end":{"line":60,"column":89}},"19":{"start":{"line":62,"column":4},"end":{"line":64,"column":5}},"20":{"start":{"line":63,"column":6},"end":{"line":63,"column":18}},"21":{"start":{"line":72,"column":2},"end":{"line":77,"column":3}},"22":{"start":{"line":73,"column":4},"end":{"line":73,"column":30}},"23":{"start":{"line":74,"column":4},"end":{"line":74,"column":23}},"24":{"start":{"line":75,"column":4},"end":{"line":75,"column":19}},"25":{"start":{"line":76,"column":4},"end":{"line":76,"column":72}},"26":{"start":{"line":85,"column":2},"end":{"line":87,"column":3}},"27":{"start":{"line":86,"column":4},"end":{"line":86,"column":34}},"28":{"start":{"line":88,"column":2},"end":{"line":88,"column":17}},"29":{"start":{"line":91,"column":0},"end":{"line":95,"column":2}}},"fnMap":{"0":{"name":"connectMongoDB","decl":{"start":{"line":15,"column":15},"end":{"line":15,"column":29}},"loc":{"start":{"line":15,"column":32},"end":{"line":45,"column":1}},"line":15},"1":{"name":"ensureIndexes","decl":{"start":{"line":51,"column":15},"end":{"line":51,"column":28}},"loc":{"start":{"line":51,"column":33},"end":{"line":66,"column":1}},"line":51},"2":{"name":"closeMongoDB","decl":{"start":{"line":71,"column":15},"end":{"line":71,"column":27}},"loc":{"start":{"line":71,"column":30},"end":{"line":78,"column":1}},"line":71},"3":{"name":"getDb","decl":{"start":{"line":84,"column":15},"end":{"line":84,"column":20}},"loc":{"start":{"line":84,"column":23},"end":{"line":89,"column":1}},"line":84}},"branchMap":{"0":{"loc":{"start":{"line":17,"column":2},"end":{"line":19,"column":3}},"type":"if","locations":[{"start":{"line":17,"column":2},"end":{"line":19,"column":3}},{"start":{},"end":{}}],"line":17},"1":{"loc":{"start":{"line":22,"column":16},"end":{"line":22,"column":70}},"type":"binary-expr","locations":[{"start":{"line":22,"column":16},"end":{"line":22,"column":39}},{"start":{"line":22,"column":43},"end":{"line":22,"column":70}}],"line":22},"2":{"loc":{"start":{"line":23,"column":19},"end":{"line":23,"column":54}},"type":"binary-expr","locations":[{"start":{"line":23,"column":19},"end":{"line":23,"column":41}},{"start":{"line":23,"column":45},"end":{"line":23,"column":54}}],"line":23},"3":{"loc":{"start":{"line":62,"column":4},"end":{"line":64,"column":5}},"type":"if","locations":[{"start":{"line":62,"column":4},"end":{"line":64,"column":5}},{"start":{},"end":{}}],"line":62},"4":{"loc":{"start":{"line":72,"column":2},"end":{"line":77,"column":3}},"type":"if","locations":[{"start":{"line":72,"column":2},"end":{"line":77,"column":3}},{"start":{},"end":{}}],"line":72},"5":{"loc":{"start":{"line":85,"column":2},"end":{"line":87,"column":3}},"type":"if","locations":[{"start":{"line":85,"column":2},"end":{"line":87,"column":3}},{"start":{},"end":{}}],"line":85}},"s":{"0":3,"1":8,"2":0,"3":8,"4":8,"5":8,"6":8,"7":8,"8":7,"9":7,"10":7,"11":7,"12":1,"13":1,"14":7,"15":7,"16":7,"17":7,"18":0,"19":0,"20":0,"21":8,"22":8,"23":8,"24":8,"25":8,"26":62,"27":0,"28":62,"29":3},"f":{"0":8,"1":7,"2":8,"3":62},"b":{"0":[0,8],"1":[8,0],"2":[8,0],"3":[0,0],"4":[8,0],"5":[0,62]},"_coverageSchema":"1a1c01bbd47fc00a2c39e90264f33305004495a9","hash":"7ab5609b9c73481bcdefd3d5e0513028c625ca97"}
,"/Users/huangdeyu/Documents/coderhdy/speckit-server/utils/mongoStorage.js": {"path":"/Users/huangdeyu/Documents/coderhdy/speckit-server/utils/mongoStorage.js","statementMap":{"0":{"start":{"line":6,"column":18},"end":{"line":6,"column":46}},"1":{"start":{"line":7,"column":15},"end":{"line":7,"column":34}},"2":{"start":{"line":14,"column":2},"end":{"line":22,"column":3}},"3":{"start":{"line":15,"column":15},"end":{"line":15,"column":28}},"4":{"start":{"line":16,"column":28},"end":{"line":16,"column":50}},"5":{"start":{"line":17,"column":18},"end":{"line":17,"column":58}},"6":{"start":{"line":18,"column":4},"end":{"line":18,"column":17}},"7":{"start":{"line":20,"column":4},"end":{"line":20,"column":39}},"8":{"start":{"line":21,"column":4},"end":{"line":21,"column":16}},"9":{"start":{"line":31,"column":2},"end":{"line":39,"column":3}},"10":{"start":{"line":32,"column":15},"end":{"line":32,"column":28}},"11":{"start":{"line":33,"column":28},"end":{"line":33,"column":50}},"12":{"start":{"line":34,"column":17},"end":{"line":34,"column":60}},"13":{"start":{"line":35,"column":4},"end":{"line":35,"column":16}},"14":{"start":{"line":37,"column":4},"end":{"line":37,"column":37}},"15":{"start":{"line":38,"column":4},"end":{"line":38,"column":16}},"16":{"start":{"line":49,"column":2},"end":{"line":77,"column":3}},"17":{"start":{"line":50,"column":15},"end":{"line":50,"column":28}},"18":{"start":{"line":51,"column":28},"end":{"line":51,"column":50}},"19":{"start":{"line":53,"column":20},"end":{"line":58,"column":5}},"20":{"start":{"line":60,"column":19},"end":{"line":60,"column":59}},"21":{"start":{"line":62,"column":4},"end":{"line":62,"column":53}},"22":{"start":{"line":64,"column":4},"end":{"line":67,"column":6}},"23":{"start":{"line":70,"column":4},"end":{"line":74,"column":5}},"24":{"start":{"line":71,"column":29},"end":{"line":71,"column":82}},"25":{"start":{"line":72,"column":6},"end":{"line":72,"column":49}},"26":{"start":{"line":73,"column":6},"end":{"line":73,"column":27}},"27":{"start":{"line":75,"column":4},"end":{"line":75,"column":37}},"28":{"start":{"line":76,"column":4},"end":{"line":76,"column":16}},"29":{"start":{"line":86,"column":2},"end":{"line":94,"column":3}},"30":{"start":{"line":87,"column":15},"end":{"line":87,"column":28}},"31":{"start":{"line":88,"column":28},"end":{"line":88,"column":50}},"32":{"start":{"line":89,"column":17},"end":{"line":89,"column":54}},"33":{"start":{"line":90,"column":4},"end":{"line":90,"column":16}},"34":{"start":{"line":92,"column":4},"end":{"line":92,"column":39}},"35":{"start":{"line":93,"column":4},"end":{"line":93,"column":16}},"36":{"start":{"line":102,"column":2},"end":{"line":111,"column":3}},"37":{"start":{"line":103,"column":15},"end":{"line":103,"column":28}},"38":{"start":{"line":104,"column":28},"end":{"line":104,"column":50}},"39":{"start":{"line":105,"column":19},"end":{"line":105,"column":55}},"40":{"start":{"line":106,"column":4},"end":{"line":106,"column":55}},"41":{"start":{"line":107,"column":4},"end":{"line":107,"column":31}},"42":{"start":{"line":109,"column":4},"end":{"line":109,"column":38}},"43":{"start":{"line":110,"column":4},"end":{"line":110,"column":16}},"44":{"start":{"line":114,"column":0},"end":{"line":120,"column":2}}},"fnMap":{"0":{"name":"readUsers","decl":{"start":{"line":13,"column":15},"end":{"line":13,"column":24}},"loc":{"start":{"line":13,"column":27},"end":{"line":23,"column":1}},"line":13},"1":{"name":"findUserByUsername","decl":{"start":{"line":30,"column":15},"end":{"line":30,"column":33}},"loc":{"start":{"line":30,"column":44},"end":{"line":40,"column":1}},"line":30},"2":{"name":"addUser","decl":{"start":{"line":48,"column":15},"end":{"line":48,"column":22}},"loc":{"start":{"line":48,"column":33},"end":{"line":78,"column":1}},"line":48},"3":{"name":"findUserById","decl":{"start":{"line":85,"column":15},"end":{"line":85,"column":27}},"loc":{"start":{"line":85,"column":32},"end":{"line":95,"column":1}},"line":85},"4":{"name":"clearUsers","decl":{"start":{"line":101,"column":15},"end":{"line":101,"column":25}},"loc":{"start":{"line":101,"column":28},"end":{"line":112,"column":1}},"line":101}},"branchMap":{"0":{"loc":{"start":{"line":57,"column":17},"end":{"line":57,"column":63}},"type":"binary-expr","locations":[{"start":{"line":57,"column":17},"end":{"line":57,"column":35}},{"start":{"line":57,"column":39},"end":{"line":57,"column":63}}],"line":57},"1":{"loc":{"start":{"line":70,"column":4},"end":{"line":74,"column":5}},"type":"if","locations":[{"start":{"line":70,"column":4},"end":{"line":74,"column":5}},{"start":{},"end":{}}],"line":70}},"s":{"0":2,"1":2,"2":3,"3":3,"4":3,"5":3,"6":3,"7":0,"8":0,"9":17,"10":17,"11":17,"12":17,"13":17,"14":0,"15":0,"16":17,"17":17,"18":17,"19":17,"20":17,"21":16,"22":16,"23":1,"24":1,"25":1,"26":1,"27":0,"28":0,"29":1,"30":1,"31":1,"32":1,"33":1,"34":0,"35":0,"36":23,"37":23,"38":23,"39":23,"40":23,"41":23,"42":0,"43":0,"44":2},"f":{"0":3,"1":17,"2":17,"3":1,"4":23},"b":{"0":[17,0],"1":[1,0]},"_coverageSchema":"1a1c01bbd47fc00a2c39e90264f33305004495a9","hash":"900b4935cd4fd3d6b480b4e54ff9052de554fbea"}
,"/Users/huangdeyu/Documents/coderhdy/speckit-server/utils/passwordHelper.js": {"path":"/Users/huangdeyu/Documents/coderhdy/speckit-server/utils/passwordHelper.js","statementMap":{"0":{"start":{"line":1,"column":15},"end":{"line":1,"column":34}},"1":{"start":{"line":15,"column":2},"end":{"line":15,"column":54}},"2":{"start":{"line":25,"column":2},"end":{"line":25,"column":61}},"3":{"start":{"line":28,"column":0},"end":{"line":31,"column":2}}},"fnMap":{"0":{"name":"hashPassword","decl":{"start":{"line":14,"column":15},"end":{"line":14,"column":27}},"loc":{"start":{"line":14,"column":60},"end":{"line":16,"column":1}},"line":14},"1":{"name":"verifyPassword","decl":{"start":{"line":24,"column":15},"end":{"line":24,"column":29}},"loc":{"start":{"line":24,"column":61},"end":{"line":26,"column":1}},"line":24}},"branchMap":{"0":{"loc":{"start":{"line":14,"column":43},"end":{"line":14,"column":58}},"type":"default-arg","locations":[{"start":{"line":14,"column":56},"end":{"line":14,"column":58}}],"line":14}},"s":{"0":2,"1":16,"2":8,"3":2},"f":{"0":16,"1":8},"b":{"0":[15]},"_coverageSchema":"1a1c01bbd47fc00a2c39e90264f33305004495a9","hash":"1509ddfc3fa8f1bb751f2c62aa892a70a4eab3bc"}
,"/Users/huangdeyu/Documents/coderhdy/speckit-server/utils/userAgentParser.js": {"path":"/Users/huangdeyu/Documents/coderhdy/speckit-server/utils/userAgentParser.js","statementMap":{"0":{"start":{"line":12,"column":2},"end":{"line":12,"column":30}},"1":{"start":{"line":12,"column":18},"end":{"line":12,"column":30}},"2":{"start":{"line":14,"column":2},"end":{"line":14,"column":82}},"3":{"start":{"line":14,"column":66},"end":{"line":14,"column":82}},"4":{"start":{"line":15,"column":2},"end":{"line":15,"column":85}},"5":{"start":{"line":15,"column":69},"end":{"line":15,"column":85}},"6":{"start":{"line":16,"column":2},"end":{"line":16,"column":54}},"7":{"start":{"line":16,"column":37},"end":{"line":16,"column":54}},"8":{"start":{"line":17,"column":2},"end":{"line":17,"column":47}},"9":{"start":{"line":17,"column":33},"end":{"line":17,"column":47}},"10":{"start":{"line":18,"column":2},"end":{"line":18,"column":94}},"11":{"start":{"line":18,"column":67},"end":{"line":18,"column":94}},"12":{"start":{"line":19,"column":2},"end":{"line":19,"column":79}},"13":{"start":{"line":19,"column":64},"end":{"line":19,"column":79}},"14":{"start":{"line":21,"column":2},"end":{"line":21,"column":14}},"15":{"start":{"line":30,"column":2},"end":{"line":30,"column":30}},"16":{"start":{"line":30,"column":18},"end":{"line":30,"column":30}},"17":{"start":{"line":33,"column":2},"end":{"line":33,"column":54}},"18":{"start":{"line":33,"column":37},"end":{"line":33,"column":54}},"19":{"start":{"line":35,"column":2},"end":{"line":35,"column":108}},"20":{"start":{"line":35,"column":95},"end":{"line":35,"column":108}},"21":{"start":{"line":37,"column":2},"end":{"line":37,"column":50}},"22":{"start":{"line":37,"column":33},"end":{"line":37,"column":50}},"23":{"start":{"line":38,"column":2},"end":{"line":38,"column":48}},"24":{"start":{"line":38,"column":33},"end":{"line":38,"column":48}},"25":{"start":{"line":39,"column":2},"end":{"line":39,"column":50}},"26":{"start":{"line":39,"column":35},"end":{"line":39,"column":50}},"27":{"start":{"line":41,"column":2},"end":{"line":41,"column":14}},"28":{"start":{"line":44,"column":0},"end":{"line":47,"column":2}}},"fnMap":{"0":{"name":"getBrowserInfo","decl":{"start":{"line":11,"column":9},"end":{"line":11,"column":23}},"loc":{"start":{"line":11,"column":35},"end":{"line":22,"column":1}},"line":11},"1":{"name":"getOSInfo","decl":{"start":{"line":29,"column":9},"end":{"line":29,"column":18}},"loc":{"start":{"line":29,"column":30},"end":{"line":42,"column":1}},"line":29}},"branchMap":{"0":{"loc":{"start":{"line":12,"column":2},"end":{"line":12,"column":30}},"type":"if","locations":[{"start":{"line":12,"column":2},"end":{"line":12,"column":30}},{"start":{},"end":{}}],"line":12},"1":{"loc":{"start":{"line":14,"column":2},"end":{"line":14,"column":82}},"type":"if","locations":[{"start":{"line":14,"column":2},"end":{"line":14,"column":82}},{"start":{},"end":{}}],"line":14},"2":{"loc":{"start":{"line":14,"column":6},"end":{"line":14,"column":64}},"type":"binary-expr","locations":[{"start":{"line":14,"column":6},"end":{"line":14,"column":34}},{"start":{"line":14,"column":38},"end":{"line":14,"column":64}}],"line":14},"3":{"loc":{"start":{"line":15,"column":2},"end":{"line":15,"column":85}},"type":"if","locations":[{"start":{"line":15,"column":2},"end":{"line":15,"column":85}},{"start":{},"end":{}}],"line":15},"4":{"loc":{"start":{"line":15,"column":6},"end":{"line":15,"column":67}},"type":"binary-expr","locations":[{"start":{"line":15,"column":6},"end":{"line":15,"column":34}},{"start":{"line":15,"column":38},"end":{"line":15,"column":67}}],"line":15},"5":{"loc":{"start":{"line":16,"column":2},"end":{"line":16,"column":54}},"type":"if","locations":[{"start":{"line":16,"column":2},"end":{"line":16,"column":54}},{"start":{},"end":{}}],"line":16},"6":{"loc":{"start":{"line":17,"column":2},"end":{"line":17,"column":47}},"type":"if","locations":[{"start":{"line":17,"column":2},"end":{"line":17,"column":47}},{"start":{},"end":{}}],"line":17},"7":{"loc":{"start":{"line":18,"column":2},"end":{"line":18,"column":94}},"type":"if","locations":[{"start":{"line":18,"column":2},"end":{"line":18,"column":94}},{"start":{},"end":{}}],"line":18},"8":{"loc":{"start":{"line":18,"column":6},"end":{"line":18,"column":65}},"type":"binary-expr","locations":[{"start":{"line":18,"column":6},"end":{"line":18,"column":32}},{"start":{"line":18,"column":36},"end":{"line":18,"column":65}}],"line":18},"9":{"loc":{"start":{"line":19,"column":2},"end":{"line":19,"column":79}},"type":"if","locations":[{"start":{"line":19,"column":2},"end":{"line":19,"column":79}},{"start":{},"end":{}}],"line":19},"10":{"loc":{"start":{"line":19,"column":6},"end":{"line":19,"column":62}},"type":"binary-expr","locations":[{"start":{"line":19,"column":6},"end":{"line":19,"column":33}},{"start":{"line":19,"column":37},"end":{"line":19,"column":62}}],"line":19},"11":{"loc":{"start":{"line":30,"column":2},"end":{"line":30,"column":30}},"type":"if","locations":[{"start":{"line":30,"column":2},"end":{"line":30,"column":30}},{"start":{},"end":{}}],"line":30},"12":{"loc":{"start":{"line":33,"column":2},"end":{"line":33,"column":54}},"type":"if","locations":[{"start":{"line":33,"column":2},"end":{"line":33,"column":54}},{"start":{},"end":{}}],"line":33},"13":{"loc":{"start":{"line":35,"column":2},"end":{"line":35,"column":108}},"type":"if","locations":[{"start":{"line":35,"column":2},"end":{"line":35,"column":108}},{"start":{},"end":{}}],"line":35},"14":{"loc":{"start":{"line":35,"column":6},"end":{"line":35,"column":93}},"type":"binary-expr","locations":[{"start":{"line":35,"column":6},"end":{"line":35,"column":31}},{"start":{"line":35,"column":35},"end":{"line":35,"column":63}},{"start":{"line":35,"column":67},"end":{"line":35,"column":93}}],"line":35},"15":{"loc":{"start":{"line":37,"column":2},"end":{"line":37,"column":50}},"type":"if","locations":[{"start":{"line":37,"column":2},"end":{"line":37,"column":50}},{"start":{},"end":{}}],"line":37},"16":{"loc":{"start":{"line":38,"column":2},"end":{"line":38,"column":48}},"type":"if","locations":[{"start":{"line":38,"column":2},"end":{"line":38,"column":48}},{"start":{},"end":{}}],"line":38},"17":{"loc":{"start":{"line":39,"column":2},"end":{"line":39,"column":50}},"type":"if","locations":[{"start":{"line":39,"column":2},"end":{"line":39,"column":50}},{"start":{},"end":{}}],"line":39}},"s":{"0":15,"1":6,"2":9,"3":3,"4":6,"5":2,"6":4,"7":1,"8":3,"9":1,"10":2,"11":0,"12":2,"13":0,"14":2,"15":17,"16":6,"17":11,"18":1,"19":10,"20":2,"21":8,"22":3,"23":5,"24":2,"25":3,"26":1,"27":2,"28":2},"f":{"0":15,"1":17},"b":{"0":[6,9],"1":[3,6],"2":[9,4],"3":[2,4],"4":[6,3],"5":[1,3],"6":[1,2],"7":[0,2],"8":[2,2],"9":[0,2],"10":[2,2],"11":[6,11],"12":[1,10],"13":[2,8],"14":[10,10,9],"15":[3,5],"16":[2,3],"17":[1,2]},"_coverageSchema":"1a1c01bbd47fc00a2c39e90264f33305004495a9","hash":"c0bb068417a718b775adc2387b04ad62d9b92300"}
,"/Users/huangdeyu/Documents/coderhdy/speckit-server/utils/validator.js": {"path":"/Users/huangdeyu/Documents/coderhdy/speckit-server/utils/validator.js","statementMap":{"0":{"start":{"line":13,"column":2},"end":{"line":15,"column":3}},"1":{"start":{"line":14,"column":4},"end":{"line":14,"column":17}},"2":{"start":{"line":16,"column":24},"end":{"line":16,"column":46}},"3":{"start":{"line":17,"column":2},"end":{"line":17,"column":38}},"4":{"start":{"line":27,"column":2},"end":{"line":29,"column":3}},"5":{"start":{"line":28,"column":4},"end":{"line":28,"column":17}},"6":{"start":{"line":30,"column":2},"end":{"line":30,"column":55}},"7":{"start":{"line":40,"column":2},"end":{"line":40,"column":86}},"8":{"start":{"line":40,"column":39},"end":{"line":40,"column":84}},"9":{"start":{"line":43,"column":0},"end":{"line":47,"column":2}}},"fnMap":{"0":{"name":"validateUsername","decl":{"start":{"line":12,"column":9},"end":{"line":12,"column":25}},"loc":{"start":{"line":12,"column":36},"end":{"line":18,"column":1}},"line":12},"1":{"name":"validatePassword","decl":{"start":{"line":26,"column":9},"end":{"line":26,"column":25}},"loc":{"start":{"line":26,"column":36},"end":{"line":31,"column":1}},"line":26},"2":{"name":"validateRequiredFields","decl":{"start":{"line":39,"column":9},"end":{"line":39,"column":31}},"loc":{"start":{"line":39,"column":56},"end":{"line":41,"column":1}},"line":39},"3":{"name":"(anonymous_3)","decl":{"start":{"line":40,"column":30},"end":{"line":40,"column":31}},"loc":{"start":{"line":40,"column":39},"end":{"line":40,"column":84}},"line":40}},"branchMap":{"0":{"loc":{"start":{"line":13,"column":2},"end":{"line":15,"column":3}},"type":"if","locations":[{"start":{"line":13,"column":2},"end":{"line":15,"column":3}},{"start":{},"end":{}}],"line":13},"1":{"loc":{"start":{"line":13,"column":6},"end":{"line":13,"column":47}},"type":"binary-expr","locations":[{"start":{"line":13,"column":6},"end":{"line":13,"column":15}},{"start":{"line":13,"column":19},"end":{"line":13,"column":47}}],"line":13},"2":{"loc":{"start":{"line":27,"column":2},"end":{"line":29,"column":3}},"type":"if","locations":[{"start":{"line":27,"column":2},"end":{"line":29,"column":3}},{"start":{},"end":{}}],"line":27},"3":{"loc":{"start":{"line":27,"column":6},"end":{"line":27,"column":47}},"type":"binary-expr","locations":[{"start":{"line":27,"column":6},"end":{"line":27,"column":15}},{"start":{"line":27,"column":19},"end":{"line":27,"column":47}}],"line":27},"4":{"loc":{"start":{"line":30,"column":9},"end":{"line":30,"column":54}},"type":"binary-expr","locations":[{"start":{"line":30,"column":9},"end":{"line":30,"column":29}},{"start":{"line":30,"column":33},"end":{"line":30,"column":54}}],"line":30},"5":{"loc":{"start":{"line":40,"column":39},"end":{"line":40,"column":84}},"type":"binary-expr","locations":[{"start":{"line":40,"column":39},"end":{"line":40,"column":60}},{"start":{"line":40,"column":64},"end":{"line":40,"column":84}}],"line":40}},"s":{"0":32,"1":6,"2":26,"3":26,"4":24,"5":6,"6":18,"7":29,"8":56,"9":2},"f":{"0":32,"1":24,"2":29,"3":56},"b":{"0":[6,26],"1":[32,29],"2":[6,18],"3":[24,21],"4":[18,15],"5":[56,52]},"_coverageSchema":"1a1c01bbd47fc00a2c39e90264f33305004495a9","hash":"d2fa164f9e498aa55788bc12c2c8d309ebd40645"}
}
