TN:
SF:routes/auth.js
FN:21,(anonymous_0)
FN:109,(anonymous_1)
FNF:2
FNH:2
FNDA:15,(anonymous_0)
FNDA:7,(anonymous_1)
DA:1,1
DA:2,1
DA:3,1
DA:4,1
DA:5,1
DA:6,1
DA:8,1
DA:21,1
DA:22,15
DA:23,15
DA:26,15
DA:27,1
DA:35,14
DA:36,3
DA:44,11
DA:45,2
DA:53,9
DA:54,9
DA:55,1
DA:63,8
DA:66,8
DA:69,8
DA:77,8
DA:80,8
DA:89,0
DA:90,0
DA:109,1
DA:110,7
DA:111,7
DA:114,7
DA:115,1
DA:123,6
DA:124,6
DA:125,2
DA:133,4
DA:134,4
DA:135,2
DA:143,2
DA:149,2
DA:158,0
DA:159,0
DA:167,1
LF:42
LH:38
BRDA:26,0,0,1
BRDA:26,0,1,14
BRDA:35,1,0,3
BRDA:35,1,1,11
BRDA:44,2,0,2
BRDA:44,2,1,9
BRDA:54,3,0,1
BRDA:54,3,1,8
BRDA:114,4,0,1
BRDA:114,4,1,6
BRDA:124,5,0,2
BRDA:124,5,1,4
BRDA:134,6,0,2
BRDA:134,6,1,2
BRF:14
BRH:14
end_of_record
TN:
SF:utils/cryptoHelper.js
FN:12,generateUUID
FNF:1
FNH:1
FNDA:111,generateUUID
DA:1,2
DA:13,111
DA:16,2
LF:3
LH:3
BRF:0
BRH:0
end_of_record
TN:
SF:utils/logger.js
FN:11,info
FN:19,warn
FN:28,error
FN:39,debug
FNF:4
FNH:4
FNDA:41,info
FNDA:1,warn
FNDA:1,error
FNDA:2,debug
DA:12,41
DA:20,1
DA:29,1
DA:30,1
DA:31,1
DA:40,2
DA:41,1
DA:45,3
LF:8
LH:8
BRDA:30,0,0,1
BRDA:30,0,1,0
BRDA:30,1,0,1
BRDA:30,1,1,1
BRDA:40,2,0,1
BRDA:40,2,1,1
BRF:6
BRH:5
end_of_record
TN:
SF:utils/mongoConnection.js
FN:15,connectMongoDB
FN:51,ensureIndexes
FN:71,closeMongoDB
FN:84,getDb
FNF:4
FNH:4
FNDA:8,connectMongoDB
FNDA:7,ensureIndexes
FNDA:8,closeMongoDB
FNDA:62,getDb
DA:6,3
DA:17,8
DA:18,0
DA:21,8
DA:22,8
DA:23,8
DA:26,8
DA:33,8
DA:34,7
DA:37,7
DA:39,7
DA:40,7
DA:42,1
DA:43,1
DA:52,7
DA:53,7
DA:56,7
DA:58,7
DA:60,0
DA:62,0
DA:63,0
DA:72,8
DA:73,8
DA:74,8
DA:75,8
DA:76,8
DA:85,62
DA:86,0
DA:88,62
DA:91,3
LF:30
LH:25
BRDA:17,0,0,0
BRDA:17,0,1,8
BRDA:22,1,0,8
BRDA:22,1,1,0
BRDA:23,2,0,8
BRDA:23,2,1,0
BRDA:62,3,0,0
BRDA:62,3,1,0
BRDA:72,4,0,8
BRDA:72,4,1,0
BRDA:85,5,0,0
BRDA:85,5,1,62
BRF:12
BRH:5
end_of_record
TN:
SF:utils/mongoStorage.js
FN:13,readUsers
FN:30,findUserByUsername
FN:48,addUser
FN:85,findUserById
FN:101,clearUsers
FNF:5
FNH:5
FNDA:3,readUsers
FNDA:17,findUserByUsername
FNDA:17,addUser
FNDA:1,findUserById
FNDA:23,clearUsers
DA:6,2
DA:7,2
DA:14,3
DA:15,3
DA:16,3
DA:17,3
DA:18,3
DA:20,0
DA:21,0
DA:31,17
DA:32,17
DA:33,17
DA:34,17
DA:35,17
DA:37,0
DA:38,0
DA:49,17
DA:50,17
DA:51,17
DA:53,17
DA:60,17
DA:62,16
DA:64,16
DA:70,1
DA:71,1
DA:72,1
DA:73,1
DA:75,0
DA:76,0
DA:86,1
DA:87,1
DA:88,1
DA:89,1
DA:90,1
DA:92,0
DA:93,0
DA:102,23
DA:103,23
DA:104,23
DA:105,23
DA:106,23
DA:107,23
DA:109,0
DA:110,0
DA:114,2
LF:45
LH:35
BRDA:57,0,0,17
BRDA:57,0,1,0
BRDA:70,1,0,1
BRDA:70,1,1,0
BRF:4
BRH:2
end_of_record
TN:
SF:utils/passwordHelper.js
FN:14,hashPassword
FN:24,verifyPassword
FNF:2
FNH:2
FNDA:16,hashPassword
FNDA:8,verifyPassword
DA:1,2
DA:15,16
DA:25,8
DA:28,2
LF:4
LH:4
BRDA:14,0,0,15
BRF:1
BRH:1
end_of_record
TN:
SF:utils/userAgentParser.js
FN:11,getBrowserInfo
FN:29,getOSInfo
FNF:2
FNH:2
FNDA:15,getBrowserInfo
FNDA:17,getOSInfo
DA:12,15
DA:14,9
DA:15,6
DA:16,4
DA:17,3
DA:18,2
DA:19,2
DA:21,2
DA:30,17
DA:33,11
DA:35,10
DA:37,8
DA:38,5
DA:39,3
DA:41,2
DA:44,2
LF:16
LH:16
BRDA:12,0,0,6
BRDA:12,0,1,9
BRDA:14,1,0,3
BRDA:14,1,1,6
BRDA:14,2,0,9
BRDA:14,2,1,4
BRDA:15,3,0,2
BRDA:15,3,1,4
BRDA:15,4,0,6
BRDA:15,4,1,3
BRDA:16,5,0,1
BRDA:16,5,1,3
BRDA:17,6,0,1
BRDA:17,6,1,2
BRDA:18,7,0,0
BRDA:18,7,1,2
BRDA:18,8,0,2
BRDA:18,8,1,2
BRDA:19,9,0,0
BRDA:19,9,1,2
BRDA:19,10,0,2
BRDA:19,10,1,2
BRDA:30,11,0,6
BRDA:30,11,1,11
BRDA:33,12,0,1
BRDA:33,12,1,10
BRDA:35,13,0,2
BRDA:35,13,1,8
BRDA:35,14,0,10
BRDA:35,14,1,10
BRDA:35,14,2,9
BRDA:37,15,0,3
BRDA:37,15,1,5
BRDA:38,16,0,2
BRDA:38,16,1,3
BRDA:39,17,0,1
BRDA:39,17,1,2
BRF:37
BRH:35
end_of_record
TN:
SF:utils/validator.js
FN:12,validateUsername
FN:26,validatePassword
FN:39,validateRequiredFields
FN:40,(anonymous_3)
FNF:4
FNH:4
FNDA:32,validateUsername
FNDA:24,validatePassword
FNDA:29,validateRequiredFields
FNDA:56,(anonymous_3)
DA:13,32
DA:14,6
DA:16,26
DA:17,26
DA:27,24
DA:28,6
DA:30,18
DA:40,56
DA:43,2
LF:9
LH:9
BRDA:13,0,0,6
BRDA:13,0,1,26
BRDA:13,1,0,32
BRDA:13,1,1,29
BRDA:27,2,0,6
BRDA:27,2,1,18
BRDA:27,3,0,24
BRDA:27,3,1,21
BRDA:30,4,0,18
BRDA:30,4,1,15
BRDA:40,5,0,56
BRDA:40,5,1,52
BRF:12
BRH:12
end_of_record
