TN:
SF:routes/auth.js
FN:20,(anonymous_0)
FN:108,(anonymous_1)
FNF:2
FNH:2
FNDA:11,(anonymous_0)
FNDA:5,(anonymous_1)
DA:1,1
DA:2,1
DA:3,1
DA:4,1
DA:5,1
DA:7,1
DA:20,1
DA:21,11
DA:22,11
DA:25,11
DA:26,1
DA:34,10
DA:35,1
DA:43,9
DA:44,1
DA:52,8
DA:53,8
DA:54,1
DA:62,7
DA:65,7
DA:68,7
DA:76,7
DA:79,7
DA:88,0
DA:89,0
DA:108,1
DA:109,5
DA:110,5
DA:113,5
DA:114,1
DA:122,4
DA:123,4
DA:124,1
DA:132,3
DA:133,3
DA:134,1
DA:142,2
DA:148,2
DA:157,0
DA:158,0
DA:166,1
LF:41
LH:37
BRDA:25,0,0,1
BRDA:25,0,1,10
BRDA:34,1,0,1
BRDA:34,1,1,9
BRDA:43,2,0,1
BRDA:43,2,1,8
BRDA:53,3,0,1
BRDA:53,3,1,7
BRDA:113,4,0,1
BRDA:113,4,1,4
BRDA:123,5,0,1
BRDA:123,5,1,3
BRDA:133,6,0,1
BRDA:133,6,1,2
BRF:14
BRH:14
end_of_record
TN:
SF:utils/cryptoHelper.js
FN:12,generateUUID
FNF:1
FNH:1
FNDA:110,generateUUID
DA:1,2
DA:13,110
DA:16,2
LF:3
LH:3
BRF:0
BRH:0
end_of_record
TN:
SF:utils/passwordHelper.js
FN:14,hashPassword
FN:24,verifyPassword
FNF:2
FNH:2
FNDA:15,hashPassword
FNDA:7,verifyPassword
DA:1,2
DA:15,15
DA:25,7
DA:28,2
LF:4
LH:4
BRDA:14,0,0,14
BRF:1
BRH:1
end_of_record
TN:
SF:utils/userAgentParser.js
FN:11,getBrowserInfo
FN:29,getOSInfo
FNF:2
FNH:2
FNDA:15,getBrowserInfo
FNDA:17,getOSInfo
DA:12,15
DA:14,9
DA:15,6
DA:16,4
DA:17,3
DA:18,2
DA:19,2
DA:21,2
DA:30,17
DA:33,11
DA:35,10
DA:37,8
DA:38,5
DA:39,3
DA:41,2
DA:44,2
LF:16
LH:16
BRDA:12,0,0,6
BRDA:12,0,1,9
BRDA:14,1,0,3
BRDA:14,1,1,6
BRDA:14,2,0,9
BRDA:14,2,1,4
BRDA:15,3,0,2
BRDA:15,3,1,4
BRDA:15,4,0,6
BRDA:15,4,1,3
BRDA:16,5,0,1
BRDA:16,5,1,3
BRDA:17,6,0,1
BRDA:17,6,1,2
BRDA:18,7,0,0
BRDA:18,7,1,2
BRDA:18,8,0,2
BRDA:18,8,1,2
BRDA:19,9,0,0
BRDA:19,9,1,2
BRDA:19,10,0,2
BRDA:19,10,1,2
BRDA:30,11,0,6
BRDA:30,11,1,11
BRDA:33,12,0,1
BRDA:33,12,1,10
BRDA:35,13,0,2
BRDA:35,13,1,8
BRDA:35,14,0,10
BRDA:35,14,1,10
BRDA:35,14,2,9
BRDA:37,15,0,3
BRDA:37,15,1,5
BRDA:38,16,0,2
BRDA:38,16,1,3
BRDA:39,17,0,1
BRDA:39,17,1,2
BRF:37
BRH:35
end_of_record
TN:
SF:utils/userStorage.js
FN:9,initUsersFile
FN:20,readUsers
FN:31,saveUsers
FN:41,findUserByUsername
FN:43,(anonymous_4)
FN:51,addUser
FNF:6
FNH:6
FNDA:19,initUsersFile
FNDA:19,readUsers
FNDA:7,saveUsers
FNDA:12,findUserByUsername
FNDA:5,(anonymous_4)
FNDA:7,addUser
DA:1,1
DA:2,1
DA:4,1
DA:10,19
DA:11,0
DA:12,0
DA:21,19
DA:22,19
DA:23,19
DA:24,19
DA:32,7
DA:33,7
DA:42,12
DA:43,12
DA:52,7
DA:53,7
DA:54,7
DA:55,7
DA:58,1
LF:19
LH:17
BRDA:10,0,0,0
BRDA:10,0,1,19
BRDA:24,1,0,19
BRDA:24,1,1,0
BRDA:43,2,0,12
BRDA:43,2,1,8
BRF:6
BRH:4
end_of_record
TN:
SF:utils/validator.js
FN:12,validateUsername
FN:26,validatePassword
FN:39,validateRequiredFields
FN:40,(anonymous_3)
FNF:4
FNH:4
FNDA:28,validateUsername
FNDA:22,validatePassword
FNDA:23,validateRequiredFields
FNDA:44,(anonymous_3)
DA:13,28
DA:14,6
DA:16,22
DA:17,22
DA:27,22
DA:28,6
DA:30,16
DA:40,44
DA:43,2
LF:9
LH:9
BRDA:13,0,0,6
BRDA:13,0,1,22
BRDA:13,1,0,28
BRDA:13,1,1,25
BRDA:27,2,0,6
BRDA:27,2,1,16
BRDA:27,3,0,22
BRDA:27,3,1,19
BRDA:30,4,0,16
BRDA:30,4,1,13
BRDA:40,5,0,44
BRDA:40,5,1,40
BRF:12
BRH:12
end_of_record
